<?xml version="1.0" encoding="UTF-8"?>
<testsuite name="CoinComboTest" tests="1" skipped="0" failures="0" errors="0" timestamp="2016-04-21T15:58:07" hostname="epicodus-79.local" time="0.001">
  <properties/>
  <testcase name="checkCoinCombo_Quarter_3" classname="CoinComboTest" time="0.001"/>
  <system-out><![CDATA[]]></system-out>
  <system-err><![CDATA[]]></system-err>
</testsuite>
